# JRE version: Java(TM) SE Runtime Environment (8.0_65-b17) (build 1.8.0_65-b17)
# Java VM: Java HotSpot(TM) 64-Bit Server VM (25.65-b01 mixed mode windows-amd64 compressed oops)
Heap:
 PSYoungGen      total 331776K, used 148304K [0x00000000d5f00000, 0x00000000eee80000, 0x0000000100000000)
  eden space 314368K, 43% used [0x00000000d5f00000,0x00000000de5b2098,0x00000000e9200000)
  from space 17408K, 59% used [0x00000000e9200000,0x00000000e9c22108,0x00000000ea300000)
  to   space 16896K, 0% used [0x00000000ede00000,0x00000000ede00000,0x00000000eee80000)
 ParOldGen       total 116736K, used 32529K [0x0000000081c00000, 0x0000000088e00000, 0x00000000d5f00000)
  object space 116736K, 27% used [0x0000000081c00000,0x0000000083bc4420,0x0000000088e00000)
 Metaspace       used 47616K, capacity 48306K, committed 48512K, reserved 1091584K
  class space    used 6045K, capacity 6219K, committed 6272K, reserved 1048576K
GC Heap History (10 events):
Event: 9.996 GC heap before
{Heap before GC invocations=12 (full 2):
 PSYoungGen      total 262144K, used 3040K [0x00000000d5f00000, 0x00000000ea680000, 0x0000000100000000)
  eden space 259072K, 0% used [0x00000000d5f00000,0x00000000d5f00000,0x00000000e5c00000)
  from space 3072K, 98% used [0x00000000e6b00000,0x00000000e6df8010,0x00000000e6e00000)
  to   space 15360K, 0% used [0x00000000e5c00000,0x00000000e5c00000,0x00000000e6b00000)
 ParOldGen       total 67584K, used 28986K [0x0000000081c00000, 0x0000000085e00000, 0x00000000d5f00000)
  object space 67584K, 42% used [0x0000000081c00000,0x000000008384e828,0x0000000085e00000)
 Metaspace       used 34831K, capacity 35174K, committed 35496K, reserved 1081344K
  class space    used 4438K, capacity 4538K, committed 4608K, reserved 1048576K
Event: 10.128 GC heap after
Heap after GC invocations=12 (full 2):
 PSYoungGen      total 262144K, used 0K [0x00000000d5f00000, 0x00000000ea680000, 0x0000000100000000)
  eden space 259072K, 0% used [0x00000000d5f00000,0x00000000d5f00000,0x00000000e5c00000)
  from space 3072K, 0% used [0x00000000e6b00000,0x00000000e6b00000,0x00000000e6e00000)
  to   space 15360K, 0% used [0x00000000e5c00000,0x00000000e5c00000,0x00000000e6b00000)
 ParOldGen       total 116736K, used 26294K [0x0000000081c00000, 0x0000000088e00000, 0x00000000d5f00000)
  object space 116736K, 22% used [0x0000000081c00000,0x00000000835adb48,0x0000000088e00000)
 Metaspace       used 34828K, capacity 35168K, committed 35496K, reserved 1081344K
  class space    used 4437K, capacity 4537K, committed 4608K, reserved 1048576K
}
Event: 13.603 GC heap before
{Heap before GC invocations=13 (full 2):
 PSYoungGen      total 262144K, used 259072K [0x00000000d5f00000, 0x00000000ea680000, 0x0000000100000000)
  eden space 259072K, 100% used [0x00000000d5f00000,0x00000000e5c00000,0x00000000e5c00000)
  from space 3072K, 0% used [0x00000000e6b00000,0x00000000e6b00000,0x00000000e6e00000)
  to   space 15360K, 0% used [0x00000000e5c00000,0x00000000e5c00000,0x00000000e6b00000)
 ParOldGen       total 116736K, used 26294K [0x0000000081c00000, 0x0000000088e00000, 0x00000000d5f00000)
  object space 116736K, 22% used [0x0000000081c00000,0x00000000835adb48,0x0000000088e00000)
 Metaspace       used 42507K, capacity 43140K, committed 43520K, reserved 1087488K
  class space    used 5398K, capacity 5544K, committed 5632K, reserved 1048576K
Event: 13.627 GC heap after
Heap after GC invocations=13 (full 2):
 PSYoungGen      total 274432K, used 13443K [0x00000000d5f00000, 0x00000000eb300000, 0x0000000100000000)
  eden space 259072K, 0% used [0x00000000d5f00000,0x00000000d5f00000,0x00000000e5c00000)
  from space 15360K, 87% used [0x00000000e5c00000,0x00000000e6920ec0,0x00000000e6b00000)
  to   space 16384K, 0% used [0x00000000ea300000,0x00000000ea300000,0x00000000eb300000)
 ParOldGen       total 116736K, used 26302K [0x0000000081c00000, 0x0000000088e00000, 0x00000000d5f00000)
  object space 116736K, 22% used [0x0000000081c00000,0x00000000835afb48,0x0000000088e00000)
 Metaspace       used 42507K, capacity 43140K, committed 43520K, reserved 1087488K
  class space    used 5398K, capacity 5544K, committed 5632K, reserved 1048576K
}
Event: 33.727 GC heap before
{Heap before GC invocations=14 (full 2):
 PSYoungGen      total 274432K, used 103087K [0x00000000d5f00000, 0x00000000eb300000, 0x0000000100000000)
  eden space 259072K, 34% used [0x00000000d5f00000,0x00000000db68af70,0x00000000e5c00000)
  from space 15360K, 87% used [0x00000000e5c00000,0x00000000e6920ec0,0x00000000e6b00000)
  to   space 16384K, 0% used [0x00000000ea300000,0x00000000ea300000,0x00000000eb300000)
 ParOldGen       total 116736K, used 26302K [0x0000000081c00000, 0x0000000088e00000, 0x00000000d5f00000)
  object space 116736K, 22% used [0x0000000081c00000,0x00000000835afb48,0x0000000088e00000)
 Metaspace       used 46910K, capacity 47544K, committed 48000K, reserved 1091584K
  class space    used 6018K, capacity 6167K, committed 6272K, reserved 1048576K
Event: 33.748 GC heap after
Heap after GC invocations=14 (full 2):
 PSYoungGen      total 330752K, used 13814K [0x00000000d5f00000, 0x00000000eb500000, 0x0000000100000000)
  eden space 314368K, 0% used [0x00000000d5f00000,0x00000000d5f00000,0x00000000e9200000)
  from space 16384K, 84% used [0x00000000ea300000,0x00000000eb07d820,0x00000000eb300000)
  to   space 17408K, 0% used [0x00000000e9200000,0x00000000e9200000,0x00000000ea300000)
 ParOldGen       total 116736K, used 26302K [0x0000000081c00000, 0x0000000088e00000, 0x00000000d5f00000)
  object space 116736K, 22% used [0x0000000081c00000,0x00000000835afb48,0x0000000088e00000)
 Metaspace       used 46910K, capacity 47544K, committed 48000K, reserved 1091584K
  class space    used 6018K, capacity 6167K, committed 6272K, reserved 1048576K
}
Event: 33.748 GC heap before
{Heap before GC invocations=15 (full 3):
 PSYoungGen      total 330752K, used 13814K [0x00000000d5f00000, 0x00000000eb500000, 0x0000000100000000)
  eden space 314368K, 0% used [0x00000000d5f00000,0x00000000d5f00000,0x00000000e9200000)
  from space 16384K, 84% used [0x00000000ea300000,0x00000000eb07d820,0x00000000eb300000)
  to   space 17408K, 0% used [0x00000000e9200000,0x00000000e9200000,0x00000000ea300000)
 ParOldGen       total 116736K, used 26302K [0x0000000081c00000, 0x0000000088e00000, 0x00000000d5f00000)
  object space 116736K, 22% used [0x0000000081c00000,0x00000000835afb48,0x0000000088e00000)
 Metaspace       used 46910K, capacity 47544K, committed 48000K, reserved 1091584K
  class space    used 6018K, capacity 6167K, committed 6272K, reserved 1048576K
Event: 34.000 GC heap after
Heap after GC invocations=15 (full 3):
 PSYoungGen      total 330752K, used 0K [0x00000000d5f00000, 0x00000000eb500000, 0x0000000100000000)
  eden space 314368K, 0% used [0x00000000d5f00000,0x00000000d5f00000,0x00000000e9200000)
  from space 16384K, 0% used [0x00000000ea300000,0x00000000ea300000,0x00000000eb300000)
  to   space 17408K, 0% used [0x00000000e9200000,0x00000000e9200000,0x00000000ea300000)
 ParOldGen       total 116736K, used 32529K [0x0000000081c00000, 0x0000000088e00000, 0x00000000d5f00000)
  object space 116736K, 27% used [0x0000000081c00000,0x0000000083bc4420,0x0000000088e00000)
 Metaspace       used 46910K, capacity 47544K, committed 48000K, reserved 1091584K
  class space    used 6018K, capacity 6167K, committed 6272K, reserved 1048576K
}
Event: 37.959 GC heap before
{Heap before GC invocations=16 (full 3):
 PSYoungGen      total 330752K, used 314368K [0x00000000d5f00000, 0x00000000eb500000, 0x0000000100000000)
  eden space 314368K, 100% used [0x00000000d5f00000,0x00000000e9200000,0x00000000e9200000)
  from space 16384K, 0% used [0x00000000ea300000,0x00000000ea300000,0x00000000eb300000)
  to   space 17408K, 0% used [0x00000000e9200000,0x00000000e9200000,0x00000000ea300000)
 ParOldGen       total 116736K, used 32529K [0x0000000081c00000, 0x0000000088e00000, 0x00000000d5f00000)
  object space 116736K, 27% used [0x0000000081c00000,0x0000000083bc4420,0x0000000088e00000)
 Metaspace       used 47119K, capacity 47782K, committed 48256K, reserved 1091584K
  class space    used 6027K, capacity 6177K, committed 6272K, reserved 1048576K
Event: 37.976 GC heap after
Heap after GC invocations=16 (full 3):
 PSYoungGen      total 331776K, used 10376K [0x00000000d5f00000, 0x00000000eee80000, 0x0000000100000000)
  eden space 314368K, 0% used [0x00000000d5f00000,0x00000000d5f00000,0x00000000e9200000)
  from space 17408K, 59% used [0x00000000e9200000,0x00000000e9c22108,0x00000000ea300000)
  to   space 16896K, 0% used [0x00000000ede00000,0x00000000ede00000,0x00000000eee80000)
 ParOldGen       total 116736K, used 32529K [0x0000000081c00000, 0x0000000088e00000, 0x00000000d5f00000)
  object space 116736K, 27% used [0x0000000081c00000,0x0000000083bc4420,0x0000000088e00000)
 Metaspace       used 47119K, capacity 47782K, committed 48256K, reserved 1091584K
  class space    used 6027K, capacity 6177K, committed 6272K, reserved 1048576K
}

